
=== Sat Sep 17 17:34:34 2022

Packages were changed.
Update Mode: mergeDefaultDependencies

The following packages were added:
  com.unity.collab-proxy@1.17.2
  com.unity.ide.rider@2.0.7
  com.unity.ide.visualstudio@2.0.16
  com.unity.ide.vscode@1.2.5
  com.unity.modules.ai@1.0.0
  com.unity.modules.androidjni@1.0.0
  com.unity.modules.animation@1.0.0
  com.unity.modules.assetbundle@1.0.0
  com.unity.modules.audio@1.0.0
  com.unity.modules.cloth@1.0.0
  com.unity.modules.director@1.0.0
  com.unity.modules.imageconversion@1.0.0
  com.unity.modules.imgui@1.0.0
  com.unity.modules.jsonserialize@1.0.0
  com.unity.modules.particlesystem@1.0.0
  com.unity.modules.physics@1.0.0
  com.unity.modules.physics2d@1.0.0
  com.unity.modules.screencapture@1.0.0
  com.unity.modules.terrain@1.0.0
  com.unity.modules.terrainphysics@1.0.0
  com.unity.modules.tilemap@1.0.0
  com.unity.modules.ui@1.0.0
  com.unity.modules.uielements@1.0.0
  com.unity.modules.umbra@1.0.0
  com.unity.modules.unityanalytics@1.0.0
  com.unity.modules.unitywebrequest@1.0.0
  com.unity.modules.unitywebrequestassetbundle@1.0.0
  com.unity.modules.unitywebrequestaudio@1.0.0
  com.unity.modules.unitywebrequesttexture@1.0.0
  com.unity.modules.unitywebrequestwww@1.0.0
  com.unity.modules.vehicles@1.0.0
  com.unity.modules.video@1.0.0
  com.unity.modules.vr@1.0.0
  com.unity.modules.wind@1.0.0
  com.unity.modules.xr@1.0.0
  com.unity.test-framework@1.1.31
  com.unity.textmeshpro@3.0.6
  com.unity.timeline@1.4.8
  com.unity.ugui@1.0.0
The following packages were updated:
  com.unity.2d.animation from version 5.0.10 to 5.2.3
  com.unity.2d.psdimporter from version 4.1.3 to 4.3.0
  com.unity.2d.spriteshape from version 5.1.7 to 5.3.0

=== Tue Sep 20 17:41:48 2022

Packages were changed.
Update Mode: updateDependencies

The following packages were updated:
  com.unity.2d.animation from version 5.2.3 to 7.0.6
  com.unity.2d.pixel-perfect from version 4.0.1 to 5.0.1
  com.unity.2d.psdimporter from version 4.3.0 to 6.0.4
  com.unity.2d.spriteshape from version 5.3.0 to 7.0.4
  com.unity.ide.rider from version 2.0.7 to 3.0.15
  com.unity.timeline from version 1.4.8 to 1.6.4

=== Tue Sep 20 19:10:33 2022

Packages were changed.
Update Mode: resetToDefaultDependencies

The following packages were updated:
  com.unity.ide.rider from version 3.0.15 to 2.0.7
  com.unity.timeline from version 1.6.4 to 1.4.8
The following packages were removed:
  com.unity.2d.animation@7.0.6
  com.unity.2d.pixel-perfect@5.0.1
  com.unity.2d.psdimporter@6.0.4
  com.unity.2d.sprite@1.0.0
  com.unity.2d.spriteshape@7.0.4
  com.unity.2d.tilemap@1.0.0

=== Wed Sep 21 08:42:28 2022

Packages were changed.
Update Mode: updateDependencies

The following packages were updated:
  com.unity.ide.rider from version 2.0.7 to 3.0.15
  com.unity.timeline from version 1.4.8 to 1.6.4
